C:\Users\Aru\Desktop\DeliveryMan\GeoFence\GeoFence\wwwroot\clientapp\out-tsc\app\app.component.js
C:\Users\Aru\Desktop\DeliveryMan\GeoFence\GeoFence\wwwroot\clientapp\out-tsc\app\app.component.js.map
C:\Users\Aru\Desktop\DeliveryMan\GeoFence\GeoFence\wwwroot\clientapp\out-tsc\app\DTOs\Hotel_DTO.js
C:\Users\Aru\Desktop\DeliveryMan\GeoFence\GeoFence\wwwroot\clientapp\out-tsc\app\DTOs\Hotel_DTO.js.map
C:\Users\Aru\Desktop\DeliveryMan\GeoFence\GeoFence\wwwroot\clientapp\out-tsc\Services\hotel.service.js
C:\Users\Aru\Desktop\DeliveryMan\GeoFence\GeoFence\wwwroot\clientapp\out-tsc\Services\hotel.service.js.map
C:\Users\Aru\Desktop\DeliveryMan\GeoFence\GeoFence\wwwroot\clientapp\out-tsc\app\hotel\list-hotel\list-hotel.component.js
C:\Users\Aru\Desktop\DeliveryMan\GeoFence\GeoFence\wwwroot\clientapp\out-tsc\app\hotel\list-hotel\list-hotel.component.js.map
C:\Users\Aru\Desktop\DeliveryMan\GeoFence\GeoFence\wwwroot\clientapp\out-tsc\app\hotel\add-hotel\add-hotel.component.js
C:\Users\Aru\Desktop\DeliveryMan\GeoFence\GeoFence\wwwroot\clientapp\out-tsc\app\hotel\add-hotel\add-hotel.component.js.map
C:\Users\Aru\Desktop\DeliveryMan\GeoFence\GeoFence\wwwroot\clientapp\out-tsc\app\hotel\edit-hotel\edit-hotel.component.js
C:\Users\Aru\Desktop\DeliveryMan\GeoFence\GeoFence\wwwroot\clientapp\out-tsc\app\hotel\edit-hotel\edit-hotel.component.js.map
C:\Users\Aru\Desktop\DeliveryMan\GeoFence\GeoFence\wwwroot\clientapp\out-tsc\app\hotel\view-hotel\view-hotel.component.js
C:\Users\Aru\Desktop\DeliveryMan\GeoFence\GeoFence\wwwroot\clientapp\out-tsc\app\hotel\view-hotel\view-hotel.component.js.map
C:\Users\Aru\Desktop\DeliveryMan\GeoFence\GeoFence\wwwroot\clientapp\out-tsc\app\DTOs\Category_DTO.js
C:\Users\Aru\Desktop\DeliveryMan\GeoFence\GeoFence\wwwroot\clientapp\out-tsc\app\DTOs\Category_DTO.js.map
C:\Users\Aru\Desktop\DeliveryMan\GeoFence\GeoFence\wwwroot\clientapp\out-tsc\Services\category.service.js
C:\Users\Aru\Desktop\DeliveryMan\GeoFence\GeoFence\wwwroot\clientapp\out-tsc\Services\category.service.js.map
C:\Users\Aru\Desktop\DeliveryMan\GeoFence\GeoFence\wwwroot\clientapp\out-tsc\app\category\list-category\list-category.component.js
C:\Users\Aru\Desktop\DeliveryMan\GeoFence\GeoFence\wwwroot\clientapp\out-tsc\app\category\list-category\list-category.component.js.map
C:\Users\Aru\Desktop\DeliveryMan\GeoFence\GeoFence\wwwroot\clientapp\out-tsc\app\category\add-category\add-category.component.js
C:\Users\Aru\Desktop\DeliveryMan\GeoFence\GeoFence\wwwroot\clientapp\out-tsc\app\category\add-category\add-category.component.js.map
C:\Users\Aru\Desktop\DeliveryMan\GeoFence\GeoFence\wwwroot\clientapp\out-tsc\app\category\view-category\view-category.component.js
C:\Users\Aru\Desktop\DeliveryMan\GeoFence\GeoFence\wwwroot\clientapp\out-tsc\app\category\view-category\view-category.component.js.map
C:\Users\Aru\Desktop\DeliveryMan\GeoFence\GeoFence\wwwroot\clientapp\out-tsc\app\category\edit-category\edit-category.component.js
C:\Users\Aru\Desktop\DeliveryMan\GeoFence\GeoFence\wwwroot\clientapp\out-tsc\app\category\edit-category\edit-category.component.js.map
C:\Users\Aru\Desktop\DeliveryMan\GeoFence\GeoFence\wwwroot\clientapp\out-tsc\app\DTOs\SubCategory_DTO.js
C:\Users\Aru\Desktop\DeliveryMan\GeoFence\GeoFence\wwwroot\clientapp\out-tsc\app\DTOs\SubCategory_DTO.js.map
C:\Users\Aru\Desktop\DeliveryMan\GeoFence\GeoFence\wwwroot\clientapp\out-tsc\Services\subcategory.service.js
C:\Users\Aru\Desktop\DeliveryMan\GeoFence\GeoFence\wwwroot\clientapp\out-tsc\Services\subcategory.service.js.map
C:\Users\Aru\Desktop\DeliveryMan\GeoFence\GeoFence\wwwroot\clientapp\out-tsc\app\subcategory\list-subcategory\list-subcategory.component.js
C:\Users\Aru\Desktop\DeliveryMan\GeoFence\GeoFence\wwwroot\clientapp\out-tsc\app\subcategory\list-subcategory\list-subcategory.component.js.map
C:\Users\Aru\Desktop\DeliveryMan\GeoFence\GeoFence\wwwroot\clientapp\out-tsc\app\subcategory\add-subcategory\add-subcategory.component.js
C:\Users\Aru\Desktop\DeliveryMan\GeoFence\GeoFence\wwwroot\clientapp\out-tsc\app\subcategory\add-subcategory\add-subcategory.component.js.map
C:\Users\Aru\Desktop\DeliveryMan\GeoFence\GeoFence\wwwroot\clientapp\out-tsc\app\subcategory\view-subcategory\view-subcategory.component.js
C:\Users\Aru\Desktop\DeliveryMan\GeoFence\GeoFence\wwwroot\clientapp\out-tsc\app\subcategory\view-subcategory\view-subcategory.component.js.map
C:\Users\Aru\Desktop\DeliveryMan\GeoFence\GeoFence\wwwroot\clientapp\out-tsc\app\subcategory\edit-subcategory\edit-subcategory.component.js
C:\Users\Aru\Desktop\DeliveryMan\GeoFence\GeoFence\wwwroot\clientapp\out-tsc\app\subcategory\edit-subcategory\edit-subcategory.component.js.map
C:\Users\Aru\Desktop\DeliveryMan\GeoFence\GeoFence\wwwroot\clientapp\out-tsc\app\DTOs\Item_DTO.js
C:\Users\Aru\Desktop\DeliveryMan\GeoFence\GeoFence\wwwroot\clientapp\out-tsc\app\DTOs\Item_DTO.js.map
C:\Users\Aru\Desktop\DeliveryMan\GeoFence\GeoFence\wwwroot\clientapp\out-tsc\Services\item.service.js
C:\Users\Aru\Desktop\DeliveryMan\GeoFence\GeoFence\wwwroot\clientapp\out-tsc\Services\item.service.js.map
C:\Users\Aru\Desktop\DeliveryMan\GeoFence\GeoFence\wwwroot\clientapp\out-tsc\app\item\list-item\list-item.component.js
C:\Users\Aru\Desktop\DeliveryMan\GeoFence\GeoFence\wwwroot\clientapp\out-tsc\app\item\list-item\list-item.component.js.map
C:\Users\Aru\Desktop\DeliveryMan\GeoFence\GeoFence\wwwroot\clientapp\out-tsc\app\item\add-item\add-item.component.js
C:\Users\Aru\Desktop\DeliveryMan\GeoFence\GeoFence\wwwroot\clientapp\out-tsc\app\item\add-item\add-item.component.js.map
C:\Users\Aru\Desktop\DeliveryMan\GeoFence\GeoFence\wwwroot\clientapp\out-tsc\app\item\edit-item\edit-item.component.js
C:\Users\Aru\Desktop\DeliveryMan\GeoFence\GeoFence\wwwroot\clientapp\out-tsc\app\item\edit-item\edit-item.component.js.map
C:\Users\Aru\Desktop\DeliveryMan\GeoFence\GeoFence\wwwroot\clientapp\out-tsc\app\item\view-item\view-item.component.js
C:\Users\Aru\Desktop\DeliveryMan\GeoFence\GeoFence\wwwroot\clientapp\out-tsc\app\item\view-item\view-item.component.js.map
C:\Users\Aru\Desktop\DeliveryMan\GeoFence\GeoFence\wwwroot\clientapp\out-tsc\app\app-routing.module.js
C:\Users\Aru\Desktop\DeliveryMan\GeoFence\GeoFence\wwwroot\clientapp\out-tsc\app\app-routing.module.js.map
C:\Users\Aru\Desktop\DeliveryMan\GeoFence\GeoFence\wwwroot\clientapp\out-tsc\app\shared\active-inactive.pipe.js
C:\Users\Aru\Desktop\DeliveryMan\GeoFence\GeoFence\wwwroot\clientapp\out-tsc\app\shared\active-inactive.pipe.js.map
C:\Users\Aru\Desktop\DeliveryMan\GeoFence\GeoFence\wwwroot\clientapp\out-tsc\app\app.module.js
C:\Users\Aru\Desktop\DeliveryMan\GeoFence\GeoFence\wwwroot\clientapp\out-tsc\app\app.module.js.map
C:\Users\Aru\Desktop\DeliveryMan\GeoFence\GeoFence\wwwroot\clientapp\out-tsc\environments\environment.js
C:\Users\Aru\Desktop\DeliveryMan\GeoFence\GeoFence\wwwroot\clientapp\out-tsc\environments\environment.js.map
C:\Users\Aru\Desktop\DeliveryMan\GeoFence\GeoFence\wwwroot\clientapp\out-tsc\main.js
C:\Users\Aru\Desktop\DeliveryMan\GeoFence\GeoFence\wwwroot\clientapp\out-tsc\main.js.map
C:\Users\Aru\Desktop\DeliveryMan\GeoFence\GeoFence\wwwroot\clientapp\out-tsc\polyfills.js
C:\Users\Aru\Desktop\DeliveryMan\GeoFence\GeoFence\wwwroot\clientapp\out-tsc\polyfills.js.map
C:\Users\Aru\Desktop\DeliveryMan\GeoFence\GeoFence\wwwroot\clientapp\out-tsc\test.js
C:\Users\Aru\Desktop\DeliveryMan\GeoFence\GeoFence\wwwroot\clientapp\out-tsc\test.js.map
C:\Users\Aru\Desktop\DeliveryMan\GeoFence\GeoFence\wwwroot\clientapp\out-tsc\app\app-routing.module.spec.js
C:\Users\Aru\Desktop\DeliveryMan\GeoFence\GeoFence\wwwroot\clientapp\out-tsc\app\app-routing.module.spec.js.map
C:\Users\Aru\Desktop\DeliveryMan\GeoFence\GeoFence\wwwroot\clientapp\out-tsc\app\app.component.spec.js
C:\Users\Aru\Desktop\DeliveryMan\GeoFence\GeoFence\wwwroot\clientapp\out-tsc\app\app.component.spec.js.map
C:\Users\Aru\Desktop\DeliveryMan\GeoFence\GeoFence\wwwroot\clientapp\out-tsc\environments\environment.prod.js
C:\Users\Aru\Desktop\DeliveryMan\GeoFence\GeoFence\wwwroot\clientapp\out-tsc\environments\environment.prod.js.map
C:\Users\Aru\Desktop\DeliveryMan\GeoFence\GeoFence\wwwroot\clientapp\out-tsc\app\category\add-category\add-category.component.spec.js
C:\Users\Aru\Desktop\DeliveryMan\GeoFence\GeoFence\wwwroot\clientapp\out-tsc\app\category\add-category\add-category.component.spec.js.map
C:\Users\Aru\Desktop\DeliveryMan\GeoFence\GeoFence\wwwroot\clientapp\out-tsc\app\category\edit-category\edit-category.component.spec.js
C:\Users\Aru\Desktop\DeliveryMan\GeoFence\GeoFence\wwwroot\clientapp\out-tsc\app\category\edit-category\edit-category.component.spec.js.map
C:\Users\Aru\Desktop\DeliveryMan\GeoFence\GeoFence\wwwroot\clientapp\out-tsc\app\category\list-category\list-category.component.spec.js
C:\Users\Aru\Desktop\DeliveryMan\GeoFence\GeoFence\wwwroot\clientapp\out-tsc\app\category\list-category\list-category.component.spec.js.map
C:\Users\Aru\Desktop\DeliveryMan\GeoFence\GeoFence\wwwroot\clientapp\out-tsc\app\category\view-category\view-category.component.spec.js
C:\Users\Aru\Desktop\DeliveryMan\GeoFence\GeoFence\wwwroot\clientapp\out-tsc\app\category\view-category\view-category.component.spec.js.map
C:\Users\Aru\Desktop\DeliveryMan\GeoFence\GeoFence\wwwroot\clientapp\out-tsc\app\hotel\add-hotel\add-hotel.component.spec.js
C:\Users\Aru\Desktop\DeliveryMan\GeoFence\GeoFence\wwwroot\clientapp\out-tsc\app\hotel\add-hotel\add-hotel.component.spec.js.map
C:\Users\Aru\Desktop\DeliveryMan\GeoFence\GeoFence\wwwroot\clientapp\out-tsc\app\hotel\edit-hotel\edit-hotel.component.spec.js
C:\Users\Aru\Desktop\DeliveryMan\GeoFence\GeoFence\wwwroot\clientapp\out-tsc\app\hotel\edit-hotel\edit-hotel.component.spec.js.map
C:\Users\Aru\Desktop\DeliveryMan\GeoFence\GeoFence\wwwroot\clientapp\out-tsc\app\hotel\list-hotel\list-hotel.component.spec.js
C:\Users\Aru\Desktop\DeliveryMan\GeoFence\GeoFence\wwwroot\clientapp\out-tsc\app\hotel\list-hotel\list-hotel.component.spec.js.map
C:\Users\Aru\Desktop\DeliveryMan\GeoFence\GeoFence\wwwroot\clientapp\out-tsc\app\hotel\view-hotel\view-hotel.component.spec.js
C:\Users\Aru\Desktop\DeliveryMan\GeoFence\GeoFence\wwwroot\clientapp\out-tsc\app\hotel\view-hotel\view-hotel.component.spec.js.map
C:\Users\Aru\Desktop\DeliveryMan\GeoFence\GeoFence\wwwroot\clientapp\out-tsc\app\item\add-item\add-item.component.spec.js
C:\Users\Aru\Desktop\DeliveryMan\GeoFence\GeoFence\wwwroot\clientapp\out-tsc\app\item\add-item\add-item.component.spec.js.map
C:\Users\Aru\Desktop\DeliveryMan\GeoFence\GeoFence\wwwroot\clientapp\out-tsc\app\item\edit-item\edit-item.component.spec.js
C:\Users\Aru\Desktop\DeliveryMan\GeoFence\GeoFence\wwwroot\clientapp\out-tsc\app\item\edit-item\edit-item.component.spec.js.map
C:\Users\Aru\Desktop\DeliveryMan\GeoFence\GeoFence\wwwroot\clientapp\out-tsc\app\item\list-item\list-item.component.spec.js
C:\Users\Aru\Desktop\DeliveryMan\GeoFence\GeoFence\wwwroot\clientapp\out-tsc\app\item\list-item\list-item.component.spec.js.map
C:\Users\Aru\Desktop\DeliveryMan\GeoFence\GeoFence\wwwroot\clientapp\out-tsc\app\item\view-item\view-item.component.spec.js
C:\Users\Aru\Desktop\DeliveryMan\GeoFence\GeoFence\wwwroot\clientapp\out-tsc\app\item\view-item\view-item.component.spec.js.map
C:\Users\Aru\Desktop\DeliveryMan\GeoFence\GeoFence\wwwroot\clientapp\out-tsc\app\subcategory\add-subcategory\add-subcategory.component.spec.js
C:\Users\Aru\Desktop\DeliveryMan\GeoFence\GeoFence\wwwroot\clientapp\out-tsc\app\subcategory\add-subcategory\add-subcategory.component.spec.js.map
C:\Users\Aru\Desktop\DeliveryMan\GeoFence\GeoFence\wwwroot\clientapp\out-tsc\app\subcategory\edit-subcategory\edit-subcategory.component.spec.js
C:\Users\Aru\Desktop\DeliveryMan\GeoFence\GeoFence\wwwroot\clientapp\out-tsc\app\subcategory\edit-subcategory\edit-subcategory.component.spec.js.map
C:\Users\Aru\Desktop\DeliveryMan\GeoFence\GeoFence\wwwroot\clientapp\out-tsc\app\subcategory\list-subcategory\list-subcategory.component.spec.js
C:\Users\Aru\Desktop\DeliveryMan\GeoFence\GeoFence\wwwroot\clientapp\out-tsc\app\subcategory\list-subcategory\list-subcategory.component.spec.js.map
C:\Users\Aru\Desktop\DeliveryMan\GeoFence\GeoFence\wwwroot\clientapp\out-tsc\app\subcategory\view-subcategory\view-subcategory.component.spec.js
C:\Users\Aru\Desktop\DeliveryMan\GeoFence\GeoFence\wwwroot\clientapp\out-tsc\app\subcategory\view-subcategory\view-subcategory.component.spec.js.map
